  DatabaseAccess.cpp
C:\Users\magshimim\Desktop\magshimim\secondYear\second semester\Advanced Programming\Gallery\DatabaseAccess.cpp(31,6): warning C4189: 'i': local variable is initialized but not referenced
C:\Users\magshimim\Desktop\magshimim\secondYear\second semester\Advanced Programming\Gallery\DatabaseAccess.cpp(50,6): warning C4189: 'i': local variable is initialized but not referenced
C:\Users\magshimim\Desktop\magshimim\secondYear\second semester\Advanced Programming\Gallery\DatabaseAccess.cpp(84,6): warning C4189: 'i': local variable is initialized but not referenced
C:\Users\magshimim\Desktop\magshimim\secondYear\second semester\Advanced Programming\Gallery\DatabaseAccess.cpp(99,70): warning C4100: 'userId': unreferenced formal parameter
C:\Users\magshimim\Desktop\magshimim\secondYear\second semester\Advanced Programming\Gallery\DatabaseAccess.cpp(104,6): warning C4189: 'i': local variable is initialized but not referenced
C:\Users\magshimim\Desktop\magshimim\secondYear\second semester\Advanced Programming\Gallery\DatabaseAccess.cpp(156,74): warning C4100: 'userId': unreferenced formal parameter
C:\Users\magshimim\Desktop\magshimim\secondYear\second semester\Advanced Programming\Gallery\DatabaseAccess.cpp(161,6): warning C4189: 'i': local variable is initialized but not referenced
C:\Users\magshimim\Desktop\magshimim\secondYear\second semester\Advanced Programming\Gallery\DatabaseAccess.cpp(185,6): warning C4189: 'i': local variable is initialized but not referenced
C:\Users\magshimim\Desktop\magshimim\secondYear\second semester\Advanced Programming\Gallery\DatabaseAccess.cpp(216,43): warning C4100: 'pAlbum': unreferenced formal parameter
C:\Users\magshimim\Desktop\magshimim\secondYear\second semester\Advanced Programming\Gallery\DatabaseAccess.cpp(225,6): warning C4189: 'i': local variable is initialized but not referenced
C:\Users\magshimim\Desktop\magshimim\secondYear\second semester\Advanced Programming\Gallery\DatabaseAccess.cpp(245,6): warning C4189: 'i': local variable is initialized but not referenced
C:\Users\magshimim\Desktop\magshimim\secondYear\second semester\Advanced Programming\Gallery\DatabaseAccess.cpp(268,25): warning C4100: 'data': unreferenced formal parameter
C:\Users\magshimim\Desktop\magshimim\secondYear\second semester\Advanced Programming\Gallery\DatabaseAccess.cpp(302,6): warning C4189: 'i': local variable is initialized but not referenced
C:\Users\magshimim\Desktop\magshimim\secondYear\second semester\Advanced Programming\Gallery\DatabaseAccess.cpp(317,72): warning C4100: 'albumName': unreferenced formal parameter
C:\Users\magshimim\Desktop\magshimim\secondYear\second semester\Advanced Programming\Gallery\DatabaseAccess.cpp(322,6): warning C4189: 'i': local variable is initialized but not referenced
C:\Users\magshimim\Desktop\magshimim\secondYear\second semester\Advanced Programming\Gallery\DatabaseAccess.cpp(367,60): warning C4100: 'albumName': unreferenced formal parameter
C:\Users\magshimim\Desktop\magshimim\secondYear\second semester\Advanced Programming\Gallery\DatabaseAccess.cpp(372,6): warning C4189: 'i': local variable is initialized but not referenced
C:\Users\magshimim\Desktop\magshimim\secondYear\second semester\Advanced Programming\Gallery\DatabaseAccess.cpp(404,62): warning C4100: 'albumName': unreferenced formal parameter
C:\Users\magshimim\Desktop\magshimim\secondYear\second semester\Advanced Programming\Gallery\DatabaseAccess.cpp(409,6): warning C4189: 'i': local variable is initialized but not referenced
C:\Users\magshimim\Desktop\magshimim\secondYear\second semester\Advanced Programming\Gallery\DatabaseAccess.cpp(442,6): warning C4189: 'i': local variable is initialized but not referenced
C:\Users\magshimim\Desktop\magshimim\secondYear\second semester\Advanced Programming\Gallery\DatabaseAccess.cpp(487,6): warning C4189: 'i': local variable is initialized but not referenced
C:\Users\magshimim\Desktop\magshimim\secondYear\second semester\Advanced Programming\Gallery\DatabaseAccess.cpp(504,63): warning C4100: 'azColName': unreferenced formal parameter
C:\Users\magshimim\Desktop\magshimim\secondYear\second semester\Advanced Programming\Gallery\DatabaseAccess.cpp(504,27): warning C4100: 'data': unreferenced formal parameter
C:\Users\magshimim\Desktop\magshimim\secondYear\second semester\Advanced Programming\Gallery\DatabaseAccess.cpp(521,23): warning C4100: 'data': unreferenced formal parameter
C:\Users\magshimim\Desktop\magshimim\secondYear\second semester\Advanced Programming\Gallery\DatabaseAccess.cpp(545,6): warning C4189: 'i': local variable is initialized but not referenced
C:\Users\magshimim\Desktop\magshimim\secondYear\second semester\Advanced Programming\Gallery\DatabaseAccess.cpp(563,6): warning C4189: 'i': local variable is initialized but not referenced
C:\Users\magshimim\Desktop\magshimim\secondYear\second semester\Advanced Programming\Gallery\DatabaseAccess.cpp(585,6): warning C4189: 'i': local variable is initialized but not referenced
C:\Users\magshimim\Desktop\magshimim\secondYear\second semester\Advanced Programming\Gallery\DatabaseAccess.cpp(603,6): warning C4189: 'i': local variable is initialized but not referenced
C:\Users\magshimim\Desktop\magshimim\secondYear\second semester\Advanced Programming\Gallery\DatabaseAccess.cpp(641,6): warning C4189: 'i': local variable is initialized but not referenced
C:\Users\magshimim\Desktop\magshimim\secondYear\second semester\Advanced Programming\Gallery\DatabaseAccess.cpp(663,6): warning C4189: 'i': local variable is initialized but not referenced
C:\Users\magshimim\Desktop\magshimim\secondYear\second semester\Advanced Programming\Gallery\DatabaseAccess.cpp(681,24): warning C4100: 'data': unreferenced formal parameter
C:\Users\magshimim\Desktop\magshimim\secondYear\second semester\Advanced Programming\Gallery\DatabaseAccess.cpp(747,6): warning C4189: 'i': local variable is initialized but not referenced
C:\Users\magshimim\Desktop\magshimim\secondYear\second semester\Advanced Programming\Gallery\DatabaseAccess.cpp(776,63): warning C4100: 'azColName': unreferenced formal parameter
C:\Users\magshimim\Desktop\magshimim\secondYear\second semester\Advanced Programming\Gallery\DatabaseAccess.cpp(776,50): warning C4100: 'argv': unreferenced formal parameter
C:\Users\magshimim\Desktop\magshimim\secondYear\second semester\Advanced Programming\Gallery\DatabaseAccess.cpp(776,37): warning C4100: 'argc': unreferenced formal parameter
C:\Users\magshimim\Desktop\magshimim\secondYear\second semester\Advanced Programming\Gallery\DatabaseAccess.cpp(776,27): warning C4100: 'data': unreferenced formal parameter
C:\Users\magshimim\Desktop\magshimim\secondYear\second semester\Advanced Programming\Gallery\DatabaseAccess.cpp(788,6): warning C4189: 'i': local variable is initialized but not referenced
C:\Users\magshimim\Desktop\magshimim\secondYear\second semester\Advanced Programming\Gallery\DatabaseAccess.cpp(822,6): warning C4189: 'i': local variable is initialized but not referenced
C:\Users\magshimim\Desktop\magshimim\secondYear\second semester\Advanced Programming\Gallery\DatabaseAccess.cpp(865,6): warning C4189: 'i': local variable is initialized but not referenced
C:\Users\magshimim\Desktop\magshimim\secondYear\second semester\Advanced Programming\Gallery\DatabaseAccess.cpp(999,6): warning C4189: 'i': local variable is initialized but not referenced
C:\Users\magshimim\Desktop\magshimim\secondYear\second semester\Advanced Programming\Gallery\DatabaseAccess.cpp(1046,22): warning C4100: 'data': unreferenced formal parameter
C:\Users\magshimim\Desktop\magshimim\secondYear\second semester\Advanced Programming\Gallery\DatabaseAccess.cpp(1060,25): warning C4100: 'data': unreferenced formal parameter
C:\Users\magshimim\Desktop\magshimim\secondYear\second semester\Advanced Programming\Gallery\DatabaseAccess.cpp(1079,62): warning C4100: 'azColName': unreferenced formal parameter
C:\Users\magshimim\Desktop\magshimim\secondYear\second semester\Advanced Programming\Gallery\DatabaseAccess.cpp(1079,36): warning C4100: 'argc': unreferenced formal parameter
C:\Users\magshimim\Desktop\magshimim\secondYear\second semester\Advanced Programming\Gallery\DatabaseAccess.cpp(78): warning C4715: 'MyDatabaseAccess::getAlbumsOfUser': not all control paths return a value
C:\Users\magshimim\Desktop\magshimim\secondYear\second semester\Advanced Programming\Gallery\DatabaseAccess.cpp(988): warning C4715: 'MyDatabaseAccess::open': not all control paths return a value
  Gallery.vcxproj -> C:\Users\magshimim\Desktop\magshimim\secondYear\second semester\Advanced Programming\Gallery\Debug\Gallery.exe
